🔧 Compiling Pison (with gcc-toolset)...
rm -f bin/bestbuy bin/google bin/nspl bin/twitter bin/walmart bin/wiki
mkdir -p bin
g++ -O3 -std=c++11 -mavx -mavx2 -msse -msse2 -msse4 -msse4.2 -mpclmul -o bin/bestbuy src/*.cpp example/bestbuy.cpp -lpthread -mcmodel=medium -static-libstdc++
src/ParallelBitmapIterator.cpp: In member function ‘virtual char* ParallelBitmapIterator::getValue()’:
src/ParallelBitmapIterator.cpp:495:20: warning: ISO C++ forbids converting a string constant to ‘char*’ [-Wwrite-strings]
             return "";
                    ^~
src/ParallelBitmapIterator.cpp:501:34: warning: ISO C++ forbids converting a string constant to ‘char*’ [-Wwrite-strings]
     if (text_length <= 0) return "";
                                  ^~
src/SerialBitmapIterator.cpp: In member function ‘virtual char* SerialBitmapIterator::getValue()’:
src/SerialBitmapIterator.cpp:277:20: warning: ISO C++ forbids converting a string constant to ‘char*’ [-Wwrite-strings]
             return "";
                    ^~
src/SerialBitmapIterator.cpp:283:34: warning: ISO C++ forbids converting a string constant to ‘char*’ [-Wwrite-strings]
     if (text_length <= 0) return "";
                                  ^~
example/bestbuy.cpp: In function ‘std::__cxx11::string query(BitmapIterator*)’:
example/bestbuy.cpp:13:55: warning: ISO C++ forbids converting a string constant to ‘char*’ [-Wwrite-strings]
     if (iter->isObject() && iter->moveToKey("products")) {
                                                       ^
example/bestbuy.cpp:17:67: warning: ISO C++ forbids converting a string constant to ‘char*’ [-Wwrite-strings]
             if (iter->isObject() && iter->moveToKey("categoryPath")) {
                                                                   ^
example/bestbuy.cpp:22:69: warning: ISO C++ forbids converting a string constant to ‘char*’ [-Wwrite-strings]
                         if (iter->isObject() && iter->moveToKey("id")) {
                                                                     ^
example/bestbuy.cpp: In function ‘int main()’:
example/bestbuy.cpp:52:23: warning: ISO C++ forbids converting a string constant to ‘char*’ [-Wwrite-strings]
     char* file_path = "/rhome/aveda002/bigdata/Test-Files/bestbuy_large_record.json";
                       ^~~~~~~~~~~~~~~~~~~~~~~~~~~~~~~~~~~~~~~~~~~~~~~~~~~~~~~~~~~~~~
mkdir -p bin
g++ -O3 -std=c++11 -mavx -mavx2 -msse -msse2 -msse4 -msse4.2 -mpclmul -o bin/google src/*.cpp example/google.cpp -lpthread -mcmodel=medium -static-libstdc++
src/ParallelBitmapIterator.cpp: In member function ‘virtual char* ParallelBitmapIterator::getValue()’:
src/ParallelBitmapIterator.cpp:495:20: warning: ISO C++ forbids converting a string constant to ‘char*’ [-Wwrite-strings]
             return "";
                    ^~
src/ParallelBitmapIterator.cpp:501:34: warning: ISO C++ forbids converting a string constant to ‘char*’ [-Wwrite-strings]
     if (text_length <= 0) return "";
                                  ^~
src/SerialBitmapIterator.cpp: In member function ‘virtual char* SerialBitmapIterator::getValue()’:
src/SerialBitmapIterator.cpp:277:20: warning: ISO C++ forbids converting a string constant to ‘char*’ [-Wwrite-strings]
             return "";
                    ^~
src/SerialBitmapIterator.cpp:283:34: warning: ISO C++ forbids converting a string constant to ‘char*’ [-Wwrite-strings]
     if (text_length <= 0) return "";
                                  ^~
example/google.cpp: In function ‘std::__cxx11::string query(BitmapIterator*)’:
example/google.cpp:13:55: warning: ISO C++ forbids converting a string constant to ‘char*’ [-Wwrite-strings]
     if (iter->isObject() && iter->moveToKey("products")) {
                                                       ^
example/google.cpp:17:67: warning: ISO C++ forbids converting a string constant to ‘char*’ [-Wwrite-strings]
             if (iter->isObject() && iter->moveToKey("categoryPath")) {
                                                                   ^
example/google.cpp:22:69: warning: ISO C++ forbids converting a string constant to ‘char*’ [-Wwrite-strings]
                         if (iter->isObject() && iter->moveToKey("id")) {
                                                                     ^
example/google.cpp: In function ‘int main()’:
example/google.cpp:52:23: warning: ISO C++ forbids converting a string constant to ‘char*’ [-Wwrite-strings]
     char* file_path = "/rhome/aveda002/bigdata/Test-Files/google_map_large_record.json";
                       ^~~~~~~~~~~~~~~~~~~~~~~~~~~~~~~~~~~~~~~~~~~~~~~~~~~~~~~~~~~~~~~~~
mkdir -p bin
g++ -O3 -std=c++11 -mavx -mavx2 -msse -msse2 -msse4 -msse4.2 -mpclmul -o bin/nspl src/*.cpp example/nspl.cpp -lpthread -mcmodel=medium -static-libstdc++
src/ParallelBitmapIterator.cpp: In member function ‘virtual char* ParallelBitmapIterator::getValue()’:
src/ParallelBitmapIterator.cpp:495:20: warning: ISO C++ forbids converting a string constant to ‘char*’ [-Wwrite-strings]
             return "";
                    ^~
src/ParallelBitmapIterator.cpp:501:34: warning: ISO C++ forbids converting a string constant to ‘char*’ [-Wwrite-strings]
     if (text_length <= 0) return "";
                                  ^~
src/SerialBitmapIterator.cpp: In member function ‘virtual char* SerialBitmapIterator::getValue()’:
src/SerialBitmapIterator.cpp:277:20: warning: ISO C++ forbids converting a string constant to ‘char*’ [-Wwrite-strings]
             return "";
                    ^~
src/SerialBitmapIterator.cpp:283:34: warning: ISO C++ forbids converting a string constant to ‘char*’ [-Wwrite-strings]
     if (text_length <= 0) return "";
                                  ^~
example/nspl.cpp: In function ‘std::__cxx11::string query(BitmapIterator*)’:
example/nspl.cpp:13:55: warning: ISO C++ forbids converting a string constant to ‘char*’ [-Wwrite-strings]
     if (iter->isObject() && iter->moveToKey("products")) {
                                                       ^
example/nspl.cpp:17:67: warning: ISO C++ forbids converting a string constant to ‘char*’ [-Wwrite-strings]
             if (iter->isObject() && iter->moveToKey("categoryPath")) {
                                                                   ^
example/nspl.cpp:22:69: warning: ISO C++ forbids converting a string constant to ‘char*’ [-Wwrite-strings]
                         if (iter->isObject() && iter->moveToKey("id")) {
                                                                     ^
example/nspl.cpp: In function ‘int main()’:
example/nspl.cpp:52:23: warning: ISO C++ forbids converting a string constant to ‘char*’ [-Wwrite-strings]
     char* file_path = "/rhome/aveda002/bigdata/Test-Files/nspl_large_record.json";
                       ^~~~~~~~~~~~~~~~~~~~~~~~~~~~~~~~~~~~~~~~~~~~~~~~~~~~~~~~~~~
mkdir -p bin
g++ -O3 -std=c++11 -mavx -mavx2 -msse -msse2 -msse4 -msse4.2 -mpclmul -o bin/twitter src/*.cpp example/twitter.cpp -lpthread -mcmodel=medium -static-libstdc++
src/ParallelBitmapIterator.cpp: In member function ‘virtual char* ParallelBitmapIterator::getValue()’:
src/ParallelBitmapIterator.cpp:495:20: warning: ISO C++ forbids converting a string constant to ‘char*’ [-Wwrite-strings]
             return "";
                    ^~
src/ParallelBitmapIterator.cpp:501:34: warning: ISO C++ forbids converting a string constant to ‘char*’ [-Wwrite-strings]
     if (text_length <= 0) return "";
                                  ^~
src/SerialBitmapIterator.cpp: In member function ‘virtual char* SerialBitmapIterator::getValue()’:
src/SerialBitmapIterator.cpp:277:20: warning: ISO C++ forbids converting a string constant to ‘char*’ [-Wwrite-strings]
             return "";
                    ^~
src/SerialBitmapIterator.cpp:283:34: warning: ISO C++ forbids converting a string constant to ‘char*’ [-Wwrite-strings]
     if (text_length <= 0) return "";
                                  ^~
example/twitter.cpp: In function ‘std::__cxx11::string query(BitmapIterator*)’:
example/twitter.cpp:13:55: warning: ISO C++ forbids converting a string constant to ‘char*’ [-Wwrite-strings]
     if (iter->isObject() && iter->moveToKey("products")) {
                                                       ^
example/twitter.cpp:17:67: warning: ISO C++ forbids converting a string constant to ‘char*’ [-Wwrite-strings]
             if (iter->isObject() && iter->moveToKey("categoryPath")) {
                                                                   ^
example/twitter.cpp:22:69: warning: ISO C++ forbids converting a string constant to ‘char*’ [-Wwrite-strings]
                         if (iter->isObject() && iter->moveToKey("id")) {
                                                                     ^
example/twitter.cpp: In function ‘int main()’:
example/twitter.cpp:52:23: warning: ISO C++ forbids converting a string constant to ‘char*’ [-Wwrite-strings]
     char* file_path = "/rhome/aveda002/bigdata/Test-Files/twitter_large_record.json";
                       ^~~~~~~~~~~~~~~~~~~~~~~~~~~~~~~~~~~~~~~~~~~~~~~~~~~~~~~~~~~~~~
mkdir -p bin
g++ -O3 -std=c++11 -mavx -mavx2 -msse -msse2 -msse4 -msse4.2 -mpclmul -o bin/walmart src/*.cpp example/walmart.cpp -lpthread -mcmodel=medium -static-libstdc++
src/ParallelBitmapIterator.cpp: In member function ‘virtual char* ParallelBitmapIterator::getValue()’:
src/ParallelBitmapIterator.cpp:495:20: warning: ISO C++ forbids converting a string constant to ‘char*’ [-Wwrite-strings]
             return "";
                    ^~
src/ParallelBitmapIterator.cpp:501:34: warning: ISO C++ forbids converting a string constant to ‘char*’ [-Wwrite-strings]
     if (text_length <= 0) return "";
                                  ^~
src/SerialBitmapIterator.cpp: In member function ‘virtual char* SerialBitmapIterator::getValue()’:
src/SerialBitmapIterator.cpp:277:20: warning: ISO C++ forbids converting a string constant to ‘char*’ [-Wwrite-strings]
             return "";
                    ^~
src/SerialBitmapIterator.cpp:283:34: warning: ISO C++ forbids converting a string constant to ‘char*’ [-Wwrite-strings]
     if (text_length <= 0) return "";
                                  ^~
example/walmart.cpp: In function ‘std::__cxx11::string query(BitmapIterator*)’:
example/walmart.cpp:13:55: warning: ISO C++ forbids converting a string constant to ‘char*’ [-Wwrite-strings]
     if (iter->isObject() && iter->moveToKey("products")) {
                                                       ^
example/walmart.cpp:17:67: warning: ISO C++ forbids converting a string constant to ‘char*’ [-Wwrite-strings]
             if (iter->isObject() && iter->moveToKey("categoryPath")) {
                                                                   ^
example/walmart.cpp:22:69: warning: ISO C++ forbids converting a string constant to ‘char*’ [-Wwrite-strings]
                         if (iter->isObject() && iter->moveToKey("id")) {
                                                                     ^
example/walmart.cpp: In function ‘int main()’:
example/walmart.cpp:52:23: warning: ISO C++ forbids converting a string constant to ‘char*’ [-Wwrite-strings]
     char* file_path = "/rhome/aveda002/bigdata/Test-Files/walmart_large_record.json";
                       ^~~~~~~~~~~~~~~~~~~~~~~~~~~~~~~~~~~~~~~~~~~~~~~~~~~~~~~~~~~~~~
mkdir -p bin
g++ -O3 -std=c++11 -mavx -mavx2 -msse -msse2 -msse4 -msse4.2 -mpclmul -o bin/wiki src/*.cpp example/wiki.cpp -lpthread -mcmodel=medium -static-libstdc++
src/ParallelBitmapIterator.cpp: In member function ‘virtual char* ParallelBitmapIterator::getValue()’:
src/ParallelBitmapIterator.cpp:495:20: warning: ISO C++ forbids converting a string constant to ‘char*’ [-Wwrite-strings]
             return "";
                    ^~
src/ParallelBitmapIterator.cpp:501:34: warning: ISO C++ forbids converting a string constant to ‘char*’ [-Wwrite-strings]
     if (text_length <= 0) return "";
                                  ^~
src/SerialBitmapIterator.cpp: In member function ‘virtual char* SerialBitmapIterator::getValue()’:
src/SerialBitmapIterator.cpp:277:20: warning: ISO C++ forbids converting a string constant to ‘char*’ [-Wwrite-strings]
             return "";
                    ^~
src/SerialBitmapIterator.cpp:283:34: warning: ISO C++ forbids converting a string constant to ‘char*’ [-Wwrite-strings]
     if (text_length <= 0) return "";
                                  ^~
example/wiki.cpp: In function ‘std::__cxx11::string query(BitmapIterator*)’:
example/wiki.cpp:13:55: warning: ISO C++ forbids converting a string constant to ‘char*’ [-Wwrite-strings]
     if (iter->isObject() && iter->moveToKey("products")) {
                                                       ^
example/wiki.cpp:17:67: warning: ISO C++ forbids converting a string constant to ‘char*’ [-Wwrite-strings]
             if (iter->isObject() && iter->moveToKey("categoryPath")) {
                                                                   ^
example/wiki.cpp:22:69: warning: ISO C++ forbids converting a string constant to ‘char*’ [-Wwrite-strings]
                         if (iter->isObject() && iter->moveToKey("id")) {
                                                                     ^
example/wiki.cpp: In function ‘int main()’:
example/wiki.cpp:52:23: warning: ISO C++ forbids converting a string constant to ‘char*’ [-Wwrite-strings]
     char* file_path = "/rhome/aveda002/bigdata/Test-Files/wiki_large_record.json";
                       ^~~~~~~~~~~~~~~~~~~~~~~~~~~~~~~~~~~~~~~~~~~~~~~~~~~~~~~~~~~
/var/spool/slurmd/job18001909/slurm_script: line 28: cd: ../related_works/pison/output_memory/bin: No such file or directory
