Unloading java/21.0.7
  Unloading dependent: R/4.4.2
  Unloading useless requirement: workspace/scratch pandoc/2.17.1.1
    texlive/20220403
🚀 Running GPJSON benchmark (10× per dataset)...
▶️  Running TT using /rhome/aveda002/bigdata/cuJSON/paper_reproduced/related_works/gpjson/gpjson-twitter.js
  Run 1 time: 8728.506451129913 ms
  Run 2 time: 7406.4827971458435 ms
  Run 3 time: 7314.778356075287 ms
  Run 4 time: 7409.760890960693 ms
  Run 5 time: 7588.568655967712 ms
  Run 6 time: 7272.079700946808 ms
  Run 7 time: 7285.536101818085 ms
  Run 8 time: 7288.367537021637 ms
  Run 9 time: 7327.313534259796 ms
  Run 10 time: 7294.293253898621 ms
TT average: 7491.58 ms
▶️  Running BB using /rhome/aveda002/bigdata/cuJSON/paper_reproduced/related_works/gpjson/gpjson-bestbuy.js
  Run 1 time: 8301.956064224243 ms
  Run 2 time: 7565.621387004852 ms
  Run 3 time: 7551.296769142151 ms
  Run 4 time: 7530.321042060852 ms
  Run 5 time: 7529.820600986481 ms
  Run 6 time: 7634.101920604706 ms
  Run 7 time: 7535.781188011169 ms
  Run 8 time: 7623.580679893494 ms
  Run 9 time: 7565.30108165741 ms
  Run 10 time: 7626.196303844452 ms
BB average: 7646.4 ms
▶️  Running GMD using /rhome/aveda002/bigdata/cuJSON/paper_reproduced/related_works/gpjson/gpjson-google.js
  Run 1 time: 8268.963098049164 ms
  Run 2 time: 7468.153056144714 ms
  Run 3 time: 7499.908998966217 ms
  Run 4 time: 7914.669724941254 ms
  Run 5 time: 7448.11382484436 ms
  Run 6 time: 7729.834641933441 ms
  Run 7 time: 7577.612786769867 ms
  Run 8 time: 7699.710028171539 ms
  Run 9 time: 7411.5251722335815 ms
  Run 10 time: 7419.1555099487305 ms
GMD average: 7643.76 ms
▶️  Running NSPL using /rhome/aveda002/bigdata/cuJSON/paper_reproduced/related_works/gpjson/gpjson-nspl.js
  Run 1 time: 8764.53074836731 ms
  Run 2 time: 7922.349404811859 ms
  Run 3 time: 7948.758642196655 ms
  Run 4 time: 7928.231334686279 ms
  Run 5 time: 7966.102933883667 ms
  Run 6 time: 7885.136437892914 ms
  Run 7 time: 7857.528528690338 ms
  Run 8 time: 7904.334759235382 ms
  Run 9 time: 7980.968141078949 ms
  Run 10 time: 7874.263677597046 ms
NSPL average: 8003.22 ms
▶️  Running WM using /rhome/aveda002/bigdata/cuJSON/paper_reproduced/related_works/gpjson/gpjson-walmart.js
  Run 1 time: 8270.234171390533 ms
  Run 2 time: 7353.831196784973 ms
  Run 3 time: 7406.954959869385 ms
  Run 4 time: 7439.773781299591 ms
  Run 5 time: 7418.450026988983 ms
  Run 6 time: 7398.5946164131165 ms
  Run 7 time: 7392.601109027863 ms
  Run 8 time: 7803.894290924072 ms
  Run 9 time: 7391.983192920685 ms
  Run 10 time: 7382.417353153229 ms
WM average: 7525.89 ms
▶️  Running WP using /rhome/aveda002/bigdata/cuJSON/paper_reproduced/related_works/gpjson/gpjson-wiki.js
  Run 1 time: 8734.263185024261 ms
  Run 2 time: 7816.23011302948 ms
  Run 3 time: 7846.2231731414795 ms
  Run 4 time: 7893.644394874573 ms
  Run 5 time: 7817.543773174286 ms
  Run 6 time: 7800.821146965027 ms
  Run 7 time: 7755.259625911713 ms
  Run 8 time: 7989.206542015076 ms
  Run 9 time: 7773.465373039246 ms
  Run 10 time: 7748.508948802948 ms
WP average: 7917.51 ms
✅ GPJSON results saved to results/gpjson_fig11_tmp.csv
