🔧 Compiling Pison benchmarks...
rm -f bin/bestbuy bin/google bin/nspl bin/twitter bin/walmart bin/wiki
mkdir -p bin
g++ -O3 -std=c++11 -mavx -mavx2 -msse -msse2 -msse4 -msse4.2 -mpclmul -o bin/bestbuy src/*.cpp example/bestbuy.cpp -lpthread -mcmodel=medium -static-libstdc++
src/ParallelBitmapIterator.cpp: In member function ‘virtual char* ParallelBitmapIterator::getValue()’:
src/ParallelBitmapIterator.cpp:495:20: warning: ISO C++ forbids converting a string constant to ‘char*’ [-Wwrite-strings]
             return "";
                    ^~
src/ParallelBitmapIterator.cpp:501:34: warning: ISO C++ forbids converting a string constant to ‘char*’ [-Wwrite-strings]
     if (text_length <= 0) return "";
                                  ^~
src/SerialBitmapIterator.cpp: In member function ‘virtual char* SerialBitmapIterator::getValue()’:
src/SerialBitmapIterator.cpp:277:20: warning: ISO C++ forbids converting a string constant to ‘char*’ [-Wwrite-strings]
             return "";
                    ^~
src/SerialBitmapIterator.cpp:283:34: warning: ISO C++ forbids converting a string constant to ‘char*’ [-Wwrite-strings]
     if (text_length <= 0) return "";
                                  ^~
mkdir -p bin
g++ -O3 -std=c++11 -mavx -mavx2 -msse -msse2 -msse4 -msse4.2 -mpclmul -o bin/google src/*.cpp example/google.cpp -lpthread -mcmodel=medium -static-libstdc++
src/ParallelBitmapIterator.cpp: In member function ‘virtual char* ParallelBitmapIterator::getValue()’:
src/ParallelBitmapIterator.cpp:495:20: warning: ISO C++ forbids converting a string constant to ‘char*’ [-Wwrite-strings]
             return "";
                    ^~
src/ParallelBitmapIterator.cpp:501:34: warning: ISO C++ forbids converting a string constant to ‘char*’ [-Wwrite-strings]
     if (text_length <= 0) return "";
                                  ^~
src/SerialBitmapIterator.cpp: In member function ‘virtual char* SerialBitmapIterator::getValue()’:
src/SerialBitmapIterator.cpp:277:20: warning: ISO C++ forbids converting a string constant to ‘char*’ [-Wwrite-strings]
             return "";
                    ^~
src/SerialBitmapIterator.cpp:283:34: warning: ISO C++ forbids converting a string constant to ‘char*’ [-Wwrite-strings]
     if (text_length <= 0) return "";
                                  ^~
mkdir -p bin
g++ -O3 -std=c++11 -mavx -mavx2 -msse -msse2 -msse4 -msse4.2 -mpclmul -o bin/nspl src/*.cpp example/nspl.cpp -lpthread -mcmodel=medium -static-libstdc++
src/ParallelBitmapIterator.cpp: In member function ‘virtual char* ParallelBitmapIterator::getValue()’:
src/ParallelBitmapIterator.cpp:495:20: warning: ISO C++ forbids converting a string constant to ‘char*’ [-Wwrite-strings]
             return "";
                    ^~
src/ParallelBitmapIterator.cpp:501:34: warning: ISO C++ forbids converting a string constant to ‘char*’ [-Wwrite-strings]
     if (text_length <= 0) return "";
                                  ^~
src/SerialBitmapIterator.cpp: In member function ‘virtual char* SerialBitmapIterator::getValue()’:
src/SerialBitmapIterator.cpp:277:20: warning: ISO C++ forbids converting a string constant to ‘char*’ [-Wwrite-strings]
             return "";
                    ^~
src/SerialBitmapIterator.cpp:283:34: warning: ISO C++ forbids converting a string constant to ‘char*’ [-Wwrite-strings]
     if (text_length <= 0) return "";
                                  ^~
mkdir -p bin
g++ -O3 -std=c++11 -mavx -mavx2 -msse -msse2 -msse4 -msse4.2 -mpclmul -o bin/twitter src/*.cpp example/twitter.cpp -lpthread -mcmodel=medium -static-libstdc++
src/ParallelBitmapIterator.cpp: In member function ‘virtual char* ParallelBitmapIterator::getValue()’:
src/ParallelBitmapIterator.cpp:495:20: warning: ISO C++ forbids converting a string constant to ‘char*’ [-Wwrite-strings]
             return "";
                    ^~
src/ParallelBitmapIterator.cpp:501:34: warning: ISO C++ forbids converting a string constant to ‘char*’ [-Wwrite-strings]
     if (text_length <= 0) return "";
                                  ^~
src/SerialBitmapIterator.cpp: In member function ‘virtual char* SerialBitmapIterator::getValue()’:
src/SerialBitmapIterator.cpp:277:20: warning: ISO C++ forbids converting a string constant to ‘char*’ [-Wwrite-strings]
             return "";
                    ^~
src/SerialBitmapIterator.cpp:283:34: warning: ISO C++ forbids converting a string constant to ‘char*’ [-Wwrite-strings]
     if (text_length <= 0) return "";
                                  ^~
mkdir -p bin
g++ -O3 -std=c++11 -mavx -mavx2 -msse -msse2 -msse4 -msse4.2 -mpclmul -o bin/walmart src/*.cpp example/walmart.cpp -lpthread -mcmodel=medium -static-libstdc++
src/ParallelBitmapIterator.cpp: In member function ‘virtual char* ParallelBitmapIterator::getValue()’:
src/ParallelBitmapIterator.cpp:495:20: warning: ISO C++ forbids converting a string constant to ‘char*’ [-Wwrite-strings]
             return "";
                    ^~
src/ParallelBitmapIterator.cpp:501:34: warning: ISO C++ forbids converting a string constant to ‘char*’ [-Wwrite-strings]
     if (text_length <= 0) return "";
                                  ^~
src/SerialBitmapIterator.cpp: In member function ‘virtual char* SerialBitmapIterator::getValue()’:
src/SerialBitmapIterator.cpp:277:20: warning: ISO C++ forbids converting a string constant to ‘char*’ [-Wwrite-strings]
             return "";
                    ^~
src/SerialBitmapIterator.cpp:283:34: warning: ISO C++ forbids converting a string constant to ‘char*’ [-Wwrite-strings]
     if (text_length <= 0) return "";
                                  ^~
mkdir -p bin
g++ -O3 -std=c++11 -mavx -mavx2 -msse -msse2 -msse4 -msse4.2 -mpclmul -o bin/wiki src/*.cpp example/wiki.cpp -lpthread -mcmodel=medium -static-libstdc++
src/ParallelBitmapIterator.cpp: In member function ‘virtual char* ParallelBitmapIterator::getValue()’:
src/ParallelBitmapIterator.cpp:495:20: warning: ISO C++ forbids converting a string constant to ‘char*’ [-Wwrite-strings]
             return "";
                    ^~
src/ParallelBitmapIterator.cpp:501:34: warning: ISO C++ forbids converting a string constant to ‘char*’ [-Wwrite-strings]
     if (text_length <= 0) return "";
                                  ^~
src/SerialBitmapIterator.cpp: In member function ‘virtual char* SerialBitmapIterator::getValue()’:
src/SerialBitmapIterator.cpp:277:20: warning: ISO C++ forbids converting a string constant to ‘char*’ [-Wwrite-strings]
             return "";
                    ^~
src/SerialBitmapIterator.cpp:283:34: warning: ISO C++ forbids converting a string constant to ‘char*’ [-Wwrite-strings]
     if (text_length <= 0) return "";
                                  ^~
📊 Benchmarking TT (twitter)...
  🧵 Running TT with 1 threads...
  🧵 Running TT with 2 threads...
  🧵 Running TT with 4 threads...
  🧵 Running TT with 8 threads...
  🧵 Running TT with 16 threads...
  🧵 Running TT with 32 threads...
  🧵 Running TT with 64 threads...
📉 Computing min row for TT...
✅ Saved to ../../../../scripts/results/pison_thread_vs_size/TT_thread_vs_size.csv
📊 Benchmarking BB (bestbuy)...
  🧵 Running BB with 1 threads...
  🧵 Running BB with 2 threads...
  🧵 Running BB with 4 threads...
  🧵 Running BB with 8 threads...
  🧵 Running BB with 16 threads...
  🧵 Running BB with 32 threads...
  🧵 Running BB with 64 threads...
📉 Computing min row for BB...
✅ Saved to ../../../../scripts/results/pison_thread_vs_size/BB_thread_vs_size.csv
📊 Benchmarking GMD (google)...
  🧵 Running GMD with 1 threads...
  🧵 Running GMD with 2 threads...
  🧵 Running GMD with 4 threads...
  🧵 Running GMD with 8 threads...
  🧵 Running GMD with 16 threads...
  🧵 Running GMD with 32 threads...
  🧵 Running GMD with 64 threads...
📉 Computing min row for GMD...
✅ Saved to ../../../../scripts/results/pison_thread_vs_size/GMD_thread_vs_size.csv
📊 Benchmarking NSPL (nspl)...
  🧵 Running NSPL with 1 threads...
  🧵 Running NSPL with 2 threads...
  🧵 Running NSPL with 4 threads...
  🧵 Running NSPL with 8 threads...
  🧵 Running NSPL with 16 threads...
  🧵 Running NSPL with 32 threads...
  🧵 Running NSPL with 64 threads...
📉 Computing min row for NSPL...
✅ Saved to ../../../../scripts/results/pison_thread_vs_size/NSPL_thread_vs_size.csv
📊 Benchmarking WM (walmart)...
  🧵 Running WM with 1 threads...
  🧵 Running WM with 2 threads...
  🧵 Running WM with 4 threads...
  🧵 Running WM with 8 threads...
  🧵 Running WM with 16 threads...
  🧵 Running WM with 32 threads...
  🧵 Running WM with 64 threads...
📉 Computing min row for WM...
✅ Saved to ../../../../scripts/results/pison_thread_vs_size/WM_thread_vs_size.csv
📊 Benchmarking WP (wiki)...
  🧵 Running WP with 1 threads...
  🧵 Running WP with 2 threads...
  🧵 Running WP with 4 threads...
  🧵 Running WP with 8 threads...
  🧵 Running WP with 16 threads...
  🧵 Running WP with 32 threads...
  🧵 Running WP with 64 threads...
📉 Computing min row for WP...
✅ Saved to ../../../../scripts/results/pison_thread_vs_size/WP_thread_vs_size.csv
🎉 All Pison thread-vs-size benchmarks completed!
