🔧 Compiling cuJSON...
🚀 Benchmarking cuJSON parsing time (10 repetitions)...
▶️ Run #1
[1;36m[INFORM][0m Using custom JSON file from command line: ../../dataset/github_archive_small_records.json
[1;32m[INFORM][0m File loaded successfully. Size: 1365438324 bytes
[1;32m[INFORM][0m Number of chunks: 3
[1;32m[INFORM][0m Chunk sizes: 536866444 536870065 291701815 
[1;32m[RESULT][0m Parsed tree size: 68572716 elements
[1;32m[RESULT][0m Total PushEvent count: 107938
[1;32m[RESULT][0m Parsing time: 1349.63 ms
[1;32m[RESULT][0m Query time: 59.3349 ms
[1;32m[RESULT][0m Total time: 1408.97 ms
▶️ Run #2
[1;36m[INFORM][0m Using custom JSON file from command line: ../../dataset/github_archive_small_records.json
[1;32m[INFORM][0m File loaded successfully. Size: 1365438324 bytes
[1;32m[INFORM][0m Number of chunks: 3
[1;32m[INFORM][0m Chunk sizes: 536866444 536870065 291701815 
[1;32m[RESULT][0m Parsed tree size: 68572716 elements
[1;32m[RESULT][0m Total PushEvent count: 107938
[1;32m[RESULT][0m Parsing time: 1199.67 ms
[1;32m[RESULT][0m Query time: 60.2967 ms
[1;32m[RESULT][0m Total time: 1259.97 ms
▶️ Run #3
[1;36m[INFORM][0m Using custom JSON file from command line: ../../dataset/github_archive_small_records.json
[1;32m[INFORM][0m File loaded successfully. Size: 1365438324 bytes
[1;32m[INFORM][0m Number of chunks: 3
[1;32m[INFORM][0m Chunk sizes: 536866444 536870065 291701815 
[1;32m[RESULT][0m Parsed tree size: 68572716 elements
[1;32m[RESULT][0m Total PushEvent count: 107938
[1;32m[RESULT][0m Parsing time: 1214.18 ms
[1;32m[RESULT][0m Query time: 59.304 ms
[1;32m[RESULT][0m Total time: 1273.48 ms
▶️ Run #4
[1;36m[INFORM][0m Using custom JSON file from command line: ../../dataset/github_archive_small_records.json
[1;32m[INFORM][0m File loaded successfully. Size: 1365438324 bytes
[1;32m[INFORM][0m Number of chunks: 3
[1;32m[INFORM][0m Chunk sizes: 536866444 536870065 291701815 
[1;32m[RESULT][0m Parsed tree size: 68572716 elements
[1;32m[RESULT][0m Total PushEvent count: 107938
[1;32m[RESULT][0m Parsing time: 1211.97 ms
[1;32m[RESULT][0m Query time: 59.1701 ms
[1;32m[RESULT][0m Total time: 1271.14 ms
▶️ Run #5
[1;36m[INFORM][0m Using custom JSON file from command line: ../../dataset/github_archive_small_records.json
[1;32m[INFORM][0m File loaded successfully. Size: 1365438324 bytes
[1;32m[INFORM][0m Number of chunks: 3
[1;32m[INFORM][0m Chunk sizes: 536866444 536870065 291701815 
[1;32m[RESULT][0m Parsed tree size: 68572716 elements
[1;32m[RESULT][0m Total PushEvent count: 107938
[1;32m[RESULT][0m Parsing time: 1205.04 ms
[1;32m[RESULT][0m Query time: 58.28 ms
[1;32m[RESULT][0m Total time: 1263.32 ms
▶️ Run #6
[1;36m[INFORM][0m Using custom JSON file from command line: ../../dataset/github_archive_small_records.json
[1;32m[INFORM][0m File loaded successfully. Size: 1365438324 bytes
[1;32m[INFORM][0m Number of chunks: 3
[1;32m[INFORM][0m Chunk sizes: 536866444 536870065 291701815 
[1;32m[RESULT][0m Parsed tree size: 68572716 elements
[1;32m[RESULT][0m Total PushEvent count: 107938
[1;32m[RESULT][0m Parsing time: 1185.77 ms
[1;32m[RESULT][0m Query time: 59.1698 ms
[1;32m[RESULT][0m Total time: 1244.94 ms
▶️ Run #7
[1;36m[INFORM][0m Using custom JSON file from command line: ../../dataset/github_archive_small_records.json
[1;32m[INFORM][0m File loaded successfully. Size: 1365438324 bytes
[1;32m[INFORM][0m Number of chunks: 3
[1;32m[INFORM][0m Chunk sizes: 536866444 536870065 291701815 
[1;32m[RESULT][0m Parsed tree size: 68572716 elements
[1;32m[RESULT][0m Total PushEvent count: 107938
[1;32m[RESULT][0m Parsing time: 1207.17 ms
[1;32m[RESULT][0m Query time: 58.9095 ms
[1;32m[RESULT][0m Total time: 1266.07 ms
▶️ Run #8
[1;36m[INFORM][0m Using custom JSON file from command line: ../../dataset/github_archive_small_records.json
[1;32m[INFORM][0m File loaded successfully. Size: 1365438324 bytes
[1;32m[INFORM][0m Number of chunks: 3
[1;32m[INFORM][0m Chunk sizes: 536866444 536870065 291701815 
[1;32m[RESULT][0m Parsed tree size: 68572716 elements
[1;32m[RESULT][0m Total PushEvent count: 107938
[1;32m[RESULT][0m Parsing time: 1197.86 ms
[1;32m[RESULT][0m Query time: 58.3363 ms
[1;32m[RESULT][0m Total time: 1256.19 ms
▶️ Run #9
[1;36m[INFORM][0m Using custom JSON file from command line: ../../dataset/github_archive_small_records.json
[1;32m[INFORM][0m File loaded successfully. Size: 1365438324 bytes
[1;32m[INFORM][0m Number of chunks: 3
[1;32m[INFORM][0m Chunk sizes: 536866444 536870065 291701815 
[1;32m[RESULT][0m Parsed tree size: 68572716 elements
[1;32m[RESULT][0m Total PushEvent count: 107938
[1;32m[RESULT][0m Parsing time: 1188.79 ms
[1;32m[RESULT][0m Query time: 57.8052 ms
[1;32m[RESULT][0m Total time: 1246.6 ms
▶️ Run #10
[1;36m[INFORM][0m Using custom JSON file from command line: ../../dataset/github_archive_small_records.json
[1;32m[INFORM][0m File loaded successfully. Size: 1365438324 bytes
[1;32m[INFORM][0m Number of chunks: 3
[1;32m[INFORM][0m Chunk sizes: 536866444 536870065 291701815 
[1;32m[RESULT][0m Parsed tree size: 68572716 elements
[1;32m[RESULT][0m Total PushEvent count: 107938
[1;32m[RESULT][0m Parsing time: 1212.71 ms
[1;32m[RESULT][0m Query time: 59.0139 ms
[1;32m[RESULT][0m Total time: 1271.73 ms
